<?xml version="1.0" encoding="UTF-8" ?>
<testsuite errors="6" failures="12" hostname="bsm-vasilievg" name="com.allendowney.javacs.MyArrayListTest" skipped="0" tests="20" time="0.128" timestamp="2020-09-03T14:52:46">
  <properties>
    <property name="java.vendor" value="Oracle Corporation" />
    <property name="env.IDEA_INITIAL_DIRECTORY" value="C:\Program Files\JetBrains\IntelliJ IDEA Community Edition 2019.3.1\bin" />
    <property name="sun.java.launcher" value="SUN_STANDARD" />
    <property name="sun.management.compiler" value="HotSpot 64-Bit Tiered Compilers" />
    <property name="env.PROMPT" value="$P$G" />
    <property name="os.name" value="Windows 7" />
    <property name="env.FP_NO_HOST_CHECK" value="NO" />
    <property name="env.COMPUTERNAME" value="BSM-VASILIEVG" />
    <property name="env.CommonProgramW6432" value="C:\Program Files\Common Files" />
    <property name="env.ALLUSERSPROFILE" value="C:\ProgramData" />
    <property name="sun.desktop" value="windows" />
    <property name="java.vm.specification.vendor" value="Oracle Corporation" />
    <property name="ant.home" value="C:\Program Files\apache-ant-1.10.8" />
    <property name="java.runtime.version" value="12.0.2+10" />
    <property name="env.HOMEPATH" value="\Users\g.vasiliev" />
    <property name="user.name" value="g.vasiliev" />
    <property name="user.language" value="ru" />
    <property name="env.windows_tracing_flags" value="3" />
    <property name="sun.boot.library.path" value="C:\Program Files\Java\jdk-12.0.2\bin" />
    <property name="ant.project.default-target" value="build" />
    <property name="ant.project.name" value="JavaCS" />
    <property name="java.vm.compressedOopsMode" value="32-bit" />
    <property name="java.version" value="12.0.2" />
    <property name="env.PROCESSOR_IDENTIFIER" value="Intel64 Family 6 Model 60 Stepping 3, GenuineIntel" />
    <property name="env.TEMP" value="C:\Users\GD56A~1.VAS\AppData\Local\Temp" />
    <property name="sun.arch.data.model" value="64" />
    <property name="env._JAVACMD" value="C:\Program Files\Java\jdk-12.0.2\bin\java.exe" />
    <property name="sun.cpu.isalist" value="amd64" />
    <property name="env.HOMEDRIVE" value="C:" />
    <property name="sun.jnu.encoding" value="Cp1252" />
    <property name="file.separator" value="\" />
    <property name="java.specification.name" value="Java Platform API Specification" />
    <property name="java.class.version" value="56.0" />
    <property name="user.country" value="RU" />
    <property name="ant.file.JavaCS" value="C:\Users\g.vasiliev\IdeaProjects\ThinkDataStructures\code\build.xml" />
    <property name="java.home" value="C:\Program Files\Java\jdk-12.0.2" />
    <property name="env.PSModulePath" value="C:\Windows\system32\WindowsPowerShell\v1.0\Modules\" />
    <property name="env.APPDATA" value="C:\Users\g.vasiliev\AppData\Roaming" />
    <property name="java.vm.info" value="mixed mode, sharing" />
    <property name="env.windows_tracing_logfile" value="C:\BVTBin\Tests\installpackage\csilogfile.log" />
    <property name="env.PUBLIC" value="C:\Users\Public" />
    <property name="env.ComSpec" value="C:\Windows\system32\cmd.exe" />
    <property name="env.OS" value="Windows_NT" />
    <property name="env.CommonProgramFiles" value="C:\Program Files\Common Files" />
    <property name="os.version" value="6.1" />
    <property name="ant.file" value="C:\Users\g.vasiliev\IdeaProjects\ThinkDataStructures\code\build.xml" />
    <property name="env.ProgramW6432" value="C:\Program Files" />
    <property name="env._USE_CLASSPATH" value="no" />
    <property name="env.=::" value="::\" />
    <property name="path.separator" value=";" />
    <property name="java.vm.version" value="12.0.2+10" />
    <property name="user.variant" value="" />
    <property name="env.USERPROFILE" value="C:\Users\g.vasiliev" />
    <property name="ant.library.dir" value="C:\Program Files\apache-ant-1.10.8\lib" />
    <property name="junit.output.dir" value="junit" />
    <property name="env.JAVA_HOME" value="C:\Program Files\Java\jdk-12.0.2" />
    <property name="env.TMP" value="C:\Users\GD56A~1.VAS\AppData\Local\Temp" />
    <property name="sun.io.unicode.encoding" value="UnicodeLittle" />
    <property name="awt.toolkit" value="sun.awt.windows.WToolkit" />
    <property name="sun.stdout.encoding" value="cp437" />
    <property name="user.script" value="" />
    <property name="target" value="1.7" />
    <property name="user.home" value="C:\Users\g.vasiliev" />
    <property name="env.ProgramData" value="C:\ProgramData" />
    <property name="env.ProgramFiles(x86)" value="C:\Program Files (x86)" />
    <property name="env.SESSIONNAME" value="Console" />
    <property name="java.version.date" value="2019-07-16" />
    <property name="env.IntelliJ IDEA Community Edition" value="C:\Program Files\JetBrains\IntelliJ IDEA Community Edition 2019.3.1\bin;" />
    <property name="java.specification.vendor" value="Oracle Corporation" />
    <property name="env.NUMBER_OF_PROCESSORS" value="4" />
    <property name="java.library.path" value="C:\Program Files\Java\jdk-12.0.2\bin;C:\Windows\Sun\Java\bin;C:\Windows\system32;C:\Windows;C:\Program Files (x86)\Intel\iCLS Client\;C:\Program Files\Intel\iCLS Client\;C:\Windows\system32;C:\Windows;C:\Windows\System32\Wbem;C:\Windows\System32\WindowsPowerShell\v1.0\;C:\Program Files\Intel\Intel(R) Management Engine Components\DAL;C:\Program Files\Intel\Intel(R) Management Engine Components\IPT;C:\Program Files (x86)\Intel\Intel(R) Management Engine Components\DAL;C:\Program Files (x86)\Intel\Intel(R) Management Engine Components\IPT;C:\Program Files\nodejs\;C:\Program Files\Git\cmd;C:\PostgreSQL\pg10\bin;C:\Program Files\Java\jdk-12.0.2\bin;C:\Program Files\apache-maven-3.6.3\bin;C:\Program Files\apache-ant-1.10.8\bin;C:\Program Files (x86)\Intel\iCLS Client\;C:\Program Files\Intel\iCLS Client\;C:\Windows\system32;C:\Windows;C:\Windows\System32\Wbem;C:\Windows\System32\WindowsPowerShell\v1.0\;C:\Program Files\Intel\Intel(R) Management Engine Components\DAL;C:\Program Files\Intel\Intel(R) Management Engine Components\IPT;C:\Program Files (x86)\Intel\Intel(R) Management Engine Components\DAL;C:\Program Files (x86)\Intel\Intel(R) Management Engine Components\IPT;C:\Program Files\nodejs\;C:\Program Files\Git\cmd;C:\PostgreSQL\pg10\bin;C:\Users\g.vasiliev\AppData\Local\Programs\Python\Python37-32\Scripts\;C:\Users\g.vasiliev\AppData\Local\Programs\Python\Python37-32\;C:\Users\g.vasiliev\AppData\Local\Programs\Python\Launcher\;C:\Users\g.vasiliev\AppData\Roaming\npm;C:\Users\g.vasiliev\nodejs\Tools\Microsoft VS Code\bin;C:\Aliases;c:\chromedriver;C:\Program Files\JetBrains\IntelliJ IDEA Community Edition 2019.3.1\bin;;." />
    <property name="java.vendor.url" value="https://java.oracle.com/" />
    <property name="env.USERDNSDOMAIN" value="BAM.LOC" />
    <property name="java.vm.vendor" value="Oracle Corporation" />
    <property name="java.runtime.name" value="Java(TM) SE Runtime Environment" />
    <property name="java.class.path" value="C:\Users\g.vasiliev\IdeaProjects\ThinkDataStructures\code\bin;C:\Users\g.vasiliev\IdeaProjects\ThinkDataStructures\code\lib\jedis-2.8.0.jar;C:\Users\g.vasiliev\IdeaProjects\ThinkDataStructures\code\lib\jsoup-1.8.3.jar;C:\Users\g.vasiliev\IdeaProjects\ThinkDataStructures\code\lib\junit-4.12.jar;C:\Users\g.vasiliev\IdeaProjects\ThinkDataStructures\code\lib\hamcrest-core-1.3.jar;C:\Users\g.vasiliev\IdeaProjects\ThinkDataStructures\code\lib\jcommon-1.0.23.jar;C:\Users\g.vasiliev\IdeaProjects\ThinkDataStructures\code\lib\jfreechart-1.0.19.jar;C:\Users\g.vasiliev\IdeaProjects\ThinkDataStructures\code\lib\servlet.jar;C:\Users\g.vasiliev\IdeaProjects\ThinkDataStructures\code\lib\ant-junit.jar;C:\Users\g.vasiliev\IdeaProjects\ThinkDataStructures\code\lib\commons-math3-3.6.jar;C:\Users\g.vasiliev\IdeaProjects\ThinkDataStructures\code\lib\hamcrest-library-1.3.jar;C:\Program Files\apache-ant-1.10.8\lib\ant-launcher.jar;C:\Program Files\apache-ant-1.10.8\lib\ant.jar;C:\Program Files\apache-ant-1.10.8\lib\ant-junit.jar;C:\Program Files\apache-ant-1.10.8\lib\ant-junit4.jar" />
    <property name="sun.java.command" value="org.apache.tools.ant.taskdefs.optional.junit.JUnitTestRunner com.allendowney.javacs.MyArrayListTest skipNonTests=false filtertrace=true haltOnError=false haltOnFailure=false formatter=org.apache.tools.ant.taskdefs.optional.junit.OutErrSummaryJUnitResultFormatter showoutput=false outputtoformatters=true logfailedtests=true threadid=0 logtestlistenerevents=false formatter=org.apache.tools.ant.taskdefs.optional.junit.XMLJUnitResultFormatter,C:\Users\g.vasiliev\IdeaProjects\ThinkDataStructures\code\junit\TEST-com.allendowney.javacs.MyArrayListTest.xml crashfile=C:\Users\g.vasiliev\IdeaProjects\ThinkDataStructures\code\junitvmwatcher2935096013366636513.properties propsfile=C:\Users\g.vasiliev\IdeaProjects\ThinkDataStructures\code\junit18309004219542190424.properties" />
    <property name="ant.version" value="Apache Ant(TM) version 1.10.8 compiled on May 10 2020" />
    <property name="jdk.debug" value="release" />
    <property name="ant.file.type.JavaCS" value="file" />
    <property name="java.vm.specification.name" value="Java Virtual Machine Specification" />
    <property name="ant.file.type" value="file" />
    <property name="env.windir" value="C:\Windows" />
    <property name="env.LOGONSERVER" value="\\UHQ-DC02" />
    <property name="java.vm.specification.version" value="12" />
    <property name="env.PROCESSOR_ARCHITECTURE" value="AMD64" />
    <property name="sun.cpu.endian" value="little" />
    <property name="sun.os.patch.level" value="Service Pack 1" />
    <property name="debuglevel" value="source,lines,vars" />
    <property name="env.ANT_HOME" value="C:\Program Files\apache-ant-1.10.8" />
    <property name="env.ProgramFiles" value="C:\Program Files" />
    <property name="env.PROCESSOR_REVISION" value="3c03" />
    <property name="java.io.tmpdir" value="C:\Users\GD56A~1.VAS\AppData\Local\Temp\" />
    <property name="env.CommonProgramFiles(x86)" value="C:\Program Files (x86)\Common Files" />
    <property name="java.vendor.url.bug" value="https://bugreport.java.com/bugreport/" />
    <property name="env.SystemRoot" value="C:\Windows" />
    <property name="env.__INTELLIJ_COMMAND_HISTFILE__" value="C:\Users\g.vasiliev\.IdeaIC2019.3\config\terminal\history\history-10" />
    <property name="os.arch" value="amd64" />
    <property name="java.awt.graphicsenv" value="sun.awt.Win32GraphicsEnvironment" />
    <property name="env.ANT_CMD_LINE_ARGS" value=" MyArrayListTest" />
    <property name="user.dir" value="C:\Users\g.vasiliev\IdeaProjects\ThinkDataStructures\code" />
    <property name="env.LOCALAPPDATA" value="C:\Users\g.vasiliev\AppData\Local" />
    <property name="line.separator" value="&#xd;&#xa;" />
    <property name="java.vm.name" value="Java HotSpot(TM) 64-Bit Server VM" />
    <property name="env.PATHEXT" value=".COM;.EXE;.BAT;.CMD;.VBS;.VBE;.JS;.JSE;.WSF;.WSH;.MSC" />
    <property name="env.Path" value="C:\Program Files (x86)\Intel\iCLS Client\;C:\Program Files\Intel\iCLS Client\;C:\Windows\system32;C:\Windows;C:\Windows\System32\Wbem;C:\Windows\System32\WindowsPowerShell\v1.0\;C:\Program Files\Intel\Intel(R) Management Engine Components\DAL;C:\Program Files\Intel\Intel(R) Management Engine Components\IPT;C:\Program Files (x86)\Intel\Intel(R) Management Engine Components\DAL;C:\Program Files (x86)\Intel\Intel(R) Management Engine Components\IPT;C:\Program Files\nodejs\;C:\Program Files\Git\cmd;C:\PostgreSQL\pg10\bin;C:\Program Files\Java\jdk-12.0.2\bin;C:\Program Files\apache-maven-3.6.3\bin;C:\Program Files\apache-ant-1.10.8\bin;C:\Program Files (x86)\Intel\iCLS Client\;C:\Program Files\Intel\iCLS Client\;C:\Windows\system32;C:\Windows;C:\Windows\System32\Wbem;C:\Windows\System32\WindowsPowerShell\v1.0\;C:\Program Files\Intel\Intel(R) Management Engine Components\DAL;C:\Program Files\Intel\Intel(R) Management Engine Components\IPT;C:\Program Files (x86)\Intel\Intel(R) Management Engine Components\DAL;C:\Program Files (x86)\Intel\Intel(R) Management Engine Components\IPT;C:\Program Files\nodejs\;C:\Program Files\Git\cmd;C:\PostgreSQL\pg10\bin;C:\Users\g.vasiliev\AppData\Local\Programs\Python\Python37-32\Scripts\;C:\Users\g.vasiliev\AppData\Local\Programs\Python\Python37-32\;C:\Users\g.vasiliev\AppData\Local\Programs\Python\Launcher\;C:\Users\g.vasiliev\AppData\Roaming\npm;C:\Users\g.vasiliev\nodejs\Tools\Microsoft VS Code\bin;C:\Aliases;c:\chromedriver;C:\Program Files\JetBrains\IntelliJ IDEA Community Edition 2019.3.1\bin;" />
    <property name="basedir" value="C:\Users\g.vasiliev\IdeaProjects\ThinkDataStructures\code" />
    <property name="env.REDIS_STORE_URI" value="&quot;&quot;" />
    <property name="ant.java.version" value="12" />
    <property name="ant.core.lib" value="C:\Program Files\apache-ant-1.10.8\lib\ant.jar" />
    <property name="env.USERNAME" value="g.vasiliev" />
    <property name="env.TERMINAL_EMULATOR" value="JetBrains-JediTerm" />
    <property name="source" value="1.7" />
    <property name="env.SystemDrive" value="C:" />
    <property name="sun.stderr.encoding" value="cp437" />
    <property name="file.encoding" value="Cp1251" />
    <property name="env.USERDOMAIN" value="BAM" />
    <property name="java.specification.version" value="12" />
    <property name="env.=C:" value="C:\Users\g.vasiliev\IdeaProjects\ThinkDataStructures\code" />
    <property name="ant.project.invoked-targets" value="MyArrayListTest" />
    <property name="env.PROCESSOR_LEVEL" value="6" />
  </properties>
  <testcase classname="com.allendowney.javacs.MyArrayListTest" name="testToArray" time="0.013">
    <error message="Index 0 out of bounds for length 0" type="java.lang.ArrayIndexOutOfBoundsException">java.lang.ArrayIndexOutOfBoundsException: Index 0 out of bounds for length 0
	at com.allendowney.javacs.MyArrayListTest.testToArray(MyArrayListTest.java:294)
	at java.base/jdk.internal.reflect.NativeMethodAccessorImpl.invoke0(Native Method)
	at java.base/jdk.internal.reflect.NativeMethodAccessorImpl.invoke(NativeMethodAccessorImpl.java:62)
	at java.base/jdk.internal.reflect.DelegatingMethodAccessorImpl.invoke(DelegatingMethodAccessorImpl.java:43)
</error>
  </testcase>
  <testcase classname="com.allendowney.javacs.MyArrayListTest" name="testAddIntT" time="0.001">
    <error type="java.lang.IndexOutOfBoundsException">java.lang.IndexOutOfBoundsException
	at com.allendowney.javacs.MyArrayList.add(MyArrayList.java:54)
	at com.allendowney.javacs.MyArrayListTest.testAddIntT(MyArrayListTest.java:64)
	at java.base/jdk.internal.reflect.NativeMethodAccessorImpl.invoke0(Native Method)
	at java.base/jdk.internal.reflect.NativeMethodAccessorImpl.invoke(NativeMethodAccessorImpl.java:62)
	at java.base/jdk.internal.reflect.DelegatingMethodAccessorImpl.invoke(DelegatingMethodAccessorImpl.java:43)
</error>
  </testcase>
  <testcase classname="com.allendowney.javacs.MyArrayListTest" name="testGet" time="0.0">
    <error type="java.lang.IndexOutOfBoundsException">java.lang.IndexOutOfBoundsException
	at com.allendowney.javacs.MyArrayList.get(MyArrayList.java:106)
	at com.allendowney.javacs.MyArrayListTest.testGet(MyArrayListTest.java:134)
	at java.base/jdk.internal.reflect.NativeMethodAccessorImpl.invoke0(Native Method)
	at java.base/jdk.internal.reflect.NativeMethodAccessorImpl.invoke(NativeMethodAccessorImpl.java:62)
	at java.base/jdk.internal.reflect.DelegatingMethodAccessorImpl.invoke(DelegatingMethodAccessorImpl.java:43)
</error>
  </testcase>
  <testcase classname="com.allendowney.javacs.MyArrayListTest" name="testSet" time="0.004">
    <failure message="&#xa;Expected: is &lt;2&gt;&#xa;     but: was null" type="junit.framework.AssertionFailedError">junit.framework.AssertionFailedError: 
Expected: is &lt;2&gt;
     but: was null
	at org.hamcrest.MatcherAssert.assertThat(MatcherAssert.java:20)
	at com.allendowney.javacs.MyArrayListTest.testSet(MyArrayListTest.java:244)
	at java.base/jdk.internal.reflect.NativeMethodAccessorImpl.invoke0(Native Method)
	at java.base/jdk.internal.reflect.NativeMethodAccessorImpl.invoke(NativeMethodAccessorImpl.java:62)
	at java.base/jdk.internal.reflect.DelegatingMethodAccessorImpl.invoke(DelegatingMethodAccessorImpl.java:43)
</failure>
  </testcase>
  <testcase classname="com.allendowney.javacs.MyArrayListTest" name="testAddAllCollectionOfQextendsT" time="0.001">
    <failure message="&#xa;Expected: is &lt;12&gt;&#xa;     but: was &lt;0&gt;" type="junit.framework.AssertionFailedError">junit.framework.AssertionFailedError: 
Expected: is &lt;12&gt;
     but: was &lt;0&gt;
	at org.hamcrest.MatcherAssert.assertThat(MatcherAssert.java:20)
	at com.allendowney.javacs.MyArrayListTest.testAddAllCollectionOfQextendsT(MyArrayListTest.java:96)
	at java.base/jdk.internal.reflect.NativeMethodAccessorImpl.invoke0(Native Method)
	at java.base/jdk.internal.reflect.NativeMethodAccessorImpl.invoke(NativeMethodAccessorImpl.java:62)
	at java.base/jdk.internal.reflect.DelegatingMethodAccessorImpl.invoke(DelegatingMethodAccessorImpl.java:43)
</failure>
  </testcase>
  <testcase classname="com.allendowney.javacs.MyArrayListTest" name="testClear" time="0.0" />
  <testcase classname="com.allendowney.javacs.MyArrayListTest" name="testAddT" time="0.0">
    <error type="java.lang.IndexOutOfBoundsException">java.lang.IndexOutOfBoundsException
	at com.allendowney.javacs.MyArrayList.get(MyArrayList.java:106)
	at com.allendowney.javacs.MyArrayListTest.testAddT(MyArrayListTest.java:56)
	at java.base/jdk.internal.reflect.NativeMethodAccessorImpl.invoke0(Native Method)
	at java.base/jdk.internal.reflect.NativeMethodAccessorImpl.invoke(NativeMethodAccessorImpl.java:62)
	at java.base/jdk.internal.reflect.DelegatingMethodAccessorImpl.invoke(DelegatingMethodAccessorImpl.java:43)
</error>
  </testcase>
  <testcase classname="com.allendowney.javacs.MyArrayListTest" name="testSize" time="0.001">
    <failure message="&#xa;Expected: is &lt;3&gt;&#xa;     but: was &lt;0&gt;" type="junit.framework.AssertionFailedError">junit.framework.AssertionFailedError: 
Expected: is &lt;3&gt;
     but: was &lt;0&gt;
	at org.hamcrest.MatcherAssert.assertThat(MatcherAssert.java:20)
	at com.allendowney.javacs.MyArrayListTest.testSize(MyArrayListTest.java:275)
	at java.base/jdk.internal.reflect.NativeMethodAccessorImpl.invoke0(Native Method)
	at java.base/jdk.internal.reflect.NativeMethodAccessorImpl.invoke(NativeMethodAccessorImpl.java:62)
	at java.base/jdk.internal.reflect.DelegatingMethodAccessorImpl.invoke(DelegatingMethodAccessorImpl.java:43)
</failure>
  </testcase>
  <testcase classname="com.allendowney.javacs.MyArrayListTest" name="testLastIndexOf" time="0.001">
    <failure message="&#xa;Expected: is &lt;3&gt;&#xa;     but: was &lt;-1&gt;" type="junit.framework.AssertionFailedError">junit.framework.AssertionFailedError: 
Expected: is &lt;3&gt;
     but: was &lt;-1&gt;
	at org.hamcrest.MatcherAssert.assertThat(MatcherAssert.java:20)
	at com.allendowney.javacs.MyArrayListTest.testLastIndexOf(MyArrayListTest.java:186)
	at java.base/jdk.internal.reflect.NativeMethodAccessorImpl.invoke0(Native Method)
	at java.base/jdk.internal.reflect.NativeMethodAccessorImpl.invoke(NativeMethodAccessorImpl.java:62)
	at java.base/jdk.internal.reflect.DelegatingMethodAccessorImpl.invoke(DelegatingMethodAccessorImpl.java:43)
</failure>
  </testcase>
  <testcase classname="com.allendowney.javacs.MyArrayListTest" name="testContainsAll" time="0.001">
    <failure message="&#xa;Expected: &lt;true&gt;&#xa;     but: was &lt;false&gt;" type="junit.framework.AssertionFailedError">junit.framework.AssertionFailedError: 
Expected: &lt;true&gt;
     but: was &lt;false&gt;
	at org.hamcrest.MatcherAssert.assertThat(MatcherAssert.java:20)
	at com.allendowney.javacs.MyArrayListTest.testContainsAll(MyArrayListTest.java:126)
	at java.base/jdk.internal.reflect.NativeMethodAccessorImpl.invoke0(Native Method)
	at java.base/jdk.internal.reflect.NativeMethodAccessorImpl.invoke(NativeMethodAccessorImpl.java:62)
	at java.base/jdk.internal.reflect.DelegatingMethodAccessorImpl.invoke(DelegatingMethodAccessorImpl.java:43)
</failure>
  </testcase>
  <testcase classname="com.allendowney.javacs.MyArrayListTest" name="testRemoveObject" time="0.001">
    <failure message="&#xa;Expected: &lt;true&gt;&#xa;     but: was &lt;false&gt;" type="junit.framework.AssertionFailedError">junit.framework.AssertionFailedError: 
Expected: &lt;true&gt;
     but: was &lt;false&gt;
	at org.hamcrest.MatcherAssert.assertThat(MatcherAssert.java:20)
	at com.allendowney.javacs.MyArrayListTest.testRemoveObject(MyArrayListTest.java:195)
	at java.base/jdk.internal.reflect.NativeMethodAccessorImpl.invoke0(Native Method)
	at java.base/jdk.internal.reflect.NativeMethodAccessorImpl.invoke(NativeMethodAccessorImpl.java:62)
	at java.base/jdk.internal.reflect.DelegatingMethodAccessorImpl.invoke(DelegatingMethodAccessorImpl.java:43)
</failure>
  </testcase>
  <testcase classname="com.allendowney.javacs.MyArrayListTest" name="testContains" time="0.001">
    <failure message="&#xa;Expected: &lt;true&gt;&#xa;     but: was &lt;false&gt;" type="junit.framework.AssertionFailedError">junit.framework.AssertionFailedError: 
Expected: &lt;true&gt;
     but: was &lt;false&gt;
	at org.hamcrest.MatcherAssert.assertThat(MatcherAssert.java:20)
	at com.allendowney.javacs.MyArrayListTest.testContains(MyArrayListTest.java:114)
	at java.base/jdk.internal.reflect.NativeMethodAccessorImpl.invoke0(Native Method)
	at java.base/jdk.internal.reflect.NativeMethodAccessorImpl.invoke(NativeMethodAccessorImpl.java:62)
	at java.base/jdk.internal.reflect.DelegatingMethodAccessorImpl.invoke(DelegatingMethodAccessorImpl.java:43)
</failure>
  </testcase>
  <testcase classname="com.allendowney.javacs.MyArrayListTest" name="testIndexOfNull" time="0.001">
    <failure message="&#xa;Expected: is &lt;3&gt;&#xa;     but: was &lt;-1&gt;" type="junit.framework.AssertionFailedError">junit.framework.AssertionFailedError: 
Expected: is &lt;3&gt;
     but: was &lt;-1&gt;
	at org.hamcrest.MatcherAssert.assertThat(MatcherAssert.java:20)
	at com.allendowney.javacs.MyArrayListTest.testIndexOfNull(MyArrayListTest.java:155)
	at java.base/jdk.internal.reflect.NativeMethodAccessorImpl.invoke0(Native Method)
	at java.base/jdk.internal.reflect.NativeMethodAccessorImpl.invoke(NativeMethodAccessorImpl.java:62)
	at java.base/jdk.internal.reflect.DelegatingMethodAccessorImpl.invoke(DelegatingMethodAccessorImpl.java:43)
</failure>
  </testcase>
  <testcase classname="com.allendowney.javacs.MyArrayListTest" name="testIndexOf" time="0.001">
    <failure message="&#xa;Expected: is &lt;0&gt;&#xa;     but: was &lt;-1&gt;" type="junit.framework.AssertionFailedError">junit.framework.AssertionFailedError: 
Expected: is &lt;0&gt;
     but: was &lt;-1&gt;
	at org.hamcrest.MatcherAssert.assertThat(MatcherAssert.java:20)
	at com.allendowney.javacs.MyArrayListTest.testIndexOf(MyArrayListTest.java:142)
	at java.base/jdk.internal.reflect.NativeMethodAccessorImpl.invoke0(Native Method)
	at java.base/jdk.internal.reflect.NativeMethodAccessorImpl.invoke(NativeMethodAccessorImpl.java:62)
	at java.base/jdk.internal.reflect.DelegatingMethodAccessorImpl.invoke(DelegatingMethodAccessorImpl.java:43)
</failure>
  </testcase>
  <testcase classname="com.allendowney.javacs.MyArrayListTest" name="testMyList" time="0.001">
    <failure message="&#xa;Expected: is &lt;3&gt;&#xa;     but: was &lt;0&gt;" type="junit.framework.AssertionFailedError">junit.framework.AssertionFailedError: 
Expected: is &lt;3&gt;
     but: was &lt;0&gt;
	at org.hamcrest.MatcherAssert.assertThat(MatcherAssert.java:20)
	at com.allendowney.javacs.MyArrayListTest.testMyList(MyArrayListTest.java:44)
	at java.base/jdk.internal.reflect.NativeMethodAccessorImpl.invoke0(Native Method)
	at java.base/jdk.internal.reflect.NativeMethodAccessorImpl.invoke(NativeMethodAccessorImpl.java:62)
	at java.base/jdk.internal.reflect.DelegatingMethodAccessorImpl.invoke(DelegatingMethodAccessorImpl.java:43)
</failure>
  </testcase>
  <testcase classname="com.allendowney.javacs.MyArrayListTest" name="testIsEmpty" time="0.0">
    <failure message="&#xa;Expected: &lt;false&gt;&#xa;     but: was &lt;true&gt;" type="junit.framework.AssertionFailedError">junit.framework.AssertionFailedError: 
Expected: &lt;false&gt;
     but: was &lt;true&gt;
	at org.hamcrest.MatcherAssert.assertThat(MatcherAssert.java:20)
	at com.allendowney.javacs.MyArrayListTest.testIsEmpty(MyArrayListTest.java:163)
	at java.base/jdk.internal.reflect.NativeMethodAccessorImpl.invoke0(Native Method)
	at java.base/jdk.internal.reflect.NativeMethodAccessorImpl.invoke(NativeMethodAccessorImpl.java:62)
	at java.base/jdk.internal.reflect.DelegatingMethodAccessorImpl.invoke(DelegatingMethodAccessorImpl.java:43)
</failure>
  </testcase>
  <testcase classname="com.allendowney.javacs.MyArrayListTest" name="testIterator" time="0.0">
    <error type="java.util.NoSuchElementException">java.util.NoSuchElementException
	at java.base/java.util.Arrays$ArrayItr.next(Arrays.java:4452)
	at com.allendowney.javacs.MyArrayListTest.testIterator(MyArrayListTest.java:174)
	at java.base/jdk.internal.reflect.NativeMethodAccessorImpl.invoke0(Native Method)
	at java.base/jdk.internal.reflect.NativeMethodAccessorImpl.invoke(NativeMethodAccessorImpl.java:62)
	at java.base/jdk.internal.reflect.DelegatingMethodAccessorImpl.invoke(DelegatingMethodAccessorImpl.java:43)
</error>
  </testcase>
  <testcase classname="com.allendowney.javacs.MyArrayListTest" name="testRemoveAll" time="0.0" />
  <testcase classname="com.allendowney.javacs.MyArrayListTest" name="testRemoveInt" time="0.0">
    <failure message="&#xa;Expected: is &lt;2&gt;&#xa;     but: was null" type="junit.framework.AssertionFailedError">junit.framework.AssertionFailedError: 
Expected: is &lt;2&gt;
     but: was null
	at org.hamcrest.MatcherAssert.assertThat(MatcherAssert.java:20)
	at com.allendowney.javacs.MyArrayListTest.testRemoveInt(MyArrayListTest.java:224)
	at java.base/jdk.internal.reflect.NativeMethodAccessorImpl.invoke0(Native Method)
	at java.base/jdk.internal.reflect.NativeMethodAccessorImpl.invoke(NativeMethodAccessorImpl.java:62)
	at java.base/jdk.internal.reflect.DelegatingMethodAccessorImpl.invoke(DelegatingMethodAccessorImpl.java:43)
</failure>
  </testcase>
  <testcase classname="com.allendowney.javacs.MyArrayListTest" name="testSubList" time="0.0">
    <error type="java.lang.IndexOutOfBoundsException">java.lang.IndexOutOfBoundsException
	at com.allendowney.javacs.MyArrayList.subList(MyArrayList.java:216)
	at com.allendowney.javacs.MyArrayListTest.testSubList(MyArrayListTest.java:284)
	at java.base/jdk.internal.reflect.NativeMethodAccessorImpl.invoke0(Native Method)
	at java.base/jdk.internal.reflect.NativeMethodAccessorImpl.invoke(NativeMethodAccessorImpl.java:62)
	at java.base/jdk.internal.reflect.DelegatingMethodAccessorImpl.invoke(DelegatingMethodAccessorImpl.java:43)
</error>
  </testcase>
  <system-out><![CDATA[]]></system-out>
  <system-err><![CDATA[]]></system-err>
</testsuite>
